<?xml version="1.0" encoding="utf-8"?><testsuites name="pytest tests"><testsuite name="pytest" errors="0" failures="0" skipped="0" tests="26" time="24.394" timestamp="2026-05-12T19:08:26.525904+00:00" hostname="agent-env-6b04f1d2-2e5c-4bac-a03b-3e79aceb3bd3"><testcase classname="backend.tests.test_lamazi_api" name="test_health" time="0.353" /><testcase classname="backend.tests.test_lamazi_api" name="test_branch_status" time="1.060" /><testcase classname="backend.tests.test_lamazi_api" name="test_menu_categories" time="0.531" /><testcase classname="backend.tests.test_lamazi_api" name="test_menu_items_list" time="0.474" /><testcase classname="backend.tests.test_lamazi_api" name="test_menu_items_filter_by_category" time="0.525" /><testcase classname="backend.tests.test_lamazi_api" name="test_menu_item_detail" time="1.731" /><testcase classname="backend.tests.test_lamazi_api" name="test_menu_item_detail_404" time="0.484" /><testcase classname="backend.tests.test_lamazi_api" name="test_loyalty_settings" time="0.425" /><testcase classname="backend.tests.test_lamazi_api" name="test_public_settings" time="0.559" /><testcase classname="backend.tests.test_lamazi_api" name="test_delivery_zones" time="0.517" /><testcase classname="backend.tests.test_lamazi_api" name="test_coupon_validate_invalid" time="0.479" /><testcase classname="backend.tests.test_lamazi_api" name="test_cash_order_get" time="3.147" /><testcase classname="backend.tests.test_lamazi_api" name="test_admin_dashboard" time="0.825" /><testcase classname="backend.tests.test_lamazi_api" name="test_admin_orders" time="0.438" /><testcase classname="backend.tests.test_lamazi_api" name="test_admin_categories_list" time="0.419" /><testcase classname="backend.tests.test_lamazi_api" name="test_admin_items_list" time="0.462" /><testcase classname="backend.tests.test_lamazi_api" name="test_admin_modifier_groups_list" time="0.423" /><testcase classname="backend.tests.test_lamazi_api" name="test_admin_modifiers_list" time="0.524" /><testcase classname="backend.tests.test_lamazi_api" name="test_admin_category_create_and_delete" time="1.888" /><testcase classname="backend.tests.test_lamazi_api" name="test_admin_coupon_create_validate_delete" time="1.840" /><testcase classname="backend.tests.test_lamazi_api" name="test_admin_loyalty_get_post" time="1.242" /><testcase classname="backend.tests.test_lamazi_api" name="test_admin_operating_hours_get_post" time="1.700" /><testcase classname="backend.tests.test_lamazi_api" name="test_admin_settings_validation" time="1.388" /><testcase classname="backend.tests.test_lamazi_api" name="test_admin_adjust_points_nonexistent" time="0.433" /><testcase classname="backend.tests.test_lamazi_api" name="test_admin_check_unauth" time="0.433" /><testcase classname="backend.tests.test_lamazi_api" name="test_customer_upsert" time="1.642" /></testsuite></testsuites>